<?xml version="1.0" encoding="UTF-8"?>
<!-- Generated by org.testng.reporters.JUnitXMLReporter -->
<testsuite ignored="0" hostname="Mounica-Laptop" failures="0" tests="9" name="Test" time="52.182" errors="0" timestamp="2023-05-06T13:24:33 EDT">
  <testcase classname="com.TutorialsNinja.qa.Testcases.LoginTest1" name="LoginTestcase1Valid" time="6.735"/>
  <testcase classname="com.TutorialsNinja.qa.Testcases.LoginTest1" name="LoginTestcase1Valid" time="5.284"/>
  <testcase classname="com.TutorialsNinja.qa.Testcases.LoginTest1" name="LoginTestcase1Valid" time="5.288"/>
  <testcase classname="com.TutorialsNinja.qa.Testcases.LoginTest1" name="LoginTestcase2Invalid" time="5.136"/>
  <testcase classname="com.TutorialsNinja.qa.Testcases.LoginTest1" name="LoginTestcase3InvalidEmailOnly" time="5.161"/>
  <testcase classname="com.TutorialsNinja.qa.Testcases.RegisterTestcases" name="registerTestcase1" time="5.673"/>
  <testcase classname="com.TutorialsNinja.qa.Testcases.RegisterTestcases" name="registerTestcase2" time="5.833"/>
  <testcase classname="com.TutorialsNinja.qa.Testcases.SearchTestcases" name="searchWithValidProduct" time="4.963"/>
  <testcase classname="com.TutorialsNinja.qa.Testcases.SearchTestcases" name="searchWithInvalidProduct" time="4.24"/>
</testsuite> <!-- Test -->
