<?xml version="1.0" encoding="UTF-8"?>
<!-- Generated by org.testng.reporters.JUnitXMLReporter -->
<testsuite ignored="0" hostname="Mounica-Laptop" failures="1" tests="2" name="Test" time="10.76" errors="0" timestamp="2023-05-06T16:53:29 EDT">
  <testcase classname="com.TutorialsNinja.qa.Testcases.SearchTestcases" name="searchWithValidProduct" time="5.698"/>
  <testcase classname="com.TutorialsNinja.qa.Testcases.SearchTestcases" name="searchWithInvalidProduct" time="4.178">
    <failure type="java.lang.AssertionError" message="expected [true] but found [false]">
      <![CDATA[java.lang.AssertionError: expected [true] but found [false]
at com.TutorialsNinja.qa.Testcases.SearchTestcases.searchWithInvalidProduct(SearchTestcases.java:28)
at java.base/java.util.ArrayList.forEach(ArrayList.java:1511)
... Removed 29 stack frames]]>
    </failure>
  </testcase> <!-- searchWithInvalidProduct -->
</testsuite> <!-- Test -->
