<?xml version="1.0" encoding="UTF-8"?>
<!-- Generated by org.testng.reporters.JUnitXMLReporter -->
<testsuite ignored="3" hostname="Mounica-Laptop" failures="0" tests="3" name="Default test" time="15.149" errors="0" timestamp="2023-05-08T14:44:50 EDT">
  <testcase classname="com.TutorialsNinja.qa.Testcases.LoginTest" name="LoginTestcase4Valid" time="5.831"/>
  <testcase classname="com.TutorialsNinja.qa.Testcases.LoginTest" name="LoginTestcase4Valid" time="4.161"/>
  <testcase classname="com.TutorialsNinja.qa.Testcases.LoginTest" name="LoginTestcase4Valid" time="4.129"/>
  <testcase classname="com.TutorialsNinja.qa.Testcases.LoginTest" name="LoginTestcase1Valid" time="0.0">
    <ignored/>
  </testcase> <!-- LoginTestcase1Valid -->
  <testcase classname="com.TutorialsNinja.qa.Testcases.LoginTest" name="LoginTestcase3InvalidEmailOnly" time="0.0">
    <ignored/>
  </testcase> <!-- LoginTestcase3InvalidEmailOnly -->
  <testcase classname="com.TutorialsNinja.qa.Testcases.LoginTest" name="LoginTestcase2Invalid" time="0.0">
    <ignored/>
  </testcase> <!-- LoginTestcase2Invalid -->
</testsuite> <!-- Default test -->
