<?xml version="1.0" encoding="UTF-8"?>
<!-- Generated by org.testng.reporters.JUnitXMLReporter -->
<testsuite ignored="2" hostname="Mounica-Laptop" failures="0" tests="3" name="Default test" time="21.215" errors="0" timestamp="2023-05-06T12:04:47 EDT">
  <testcase classname="com.TutorialsNinja.qa.Testcases.LoginTest1" name="LoginTestcase1Valid" time="6.534"/>
  <testcase classname="com.TutorialsNinja.qa.Testcases.LoginTest1" name="LoginTestcase1Valid" time="5.238"/>
  <testcase classname="com.TutorialsNinja.qa.Testcases.LoginTest1" name="LoginTestcase1Valid" time="7.505"/>
  <testcase classname="com.TutorialsNinja.qa.Testcases.LoginTest1" name="LoginTestcase3InvalidEmailOnly" time="0.0">
    <ignored/>
  </testcase> <!-- LoginTestcase3InvalidEmailOnly -->
  <testcase classname="com.TutorialsNinja.qa.Testcases.LoginTest1" name="LoginTestcase2Invalid" time="0.0">
    <ignored/>
  </testcase> <!-- LoginTestcase2Invalid -->
</testsuite> <!-- Default test -->
