<?xml version="1.0" encoding="UTF-8"?>
<!-- Generated by org.testng.reporters.JUnitXMLReporter -->
<testsuite ignored="0" hostname="Mounica-Laptop" failures="0" tests="7" name="Test" time="32.914" errors="0" timestamp="2023-05-05T15:12:57 EDT">
  <testcase classname="com.TutorialsNinja.qa.Testcases.LoginTest1" name="LoginTestcase1Valid" time="5.412"/>
  <testcase classname="com.TutorialsNinja.qa.Testcases.LoginTest1" name="LoginTestcase2Invalid" time="4.165"/>
  <testcase classname="com.TutorialsNinja.qa.Testcases.LoginTest1" name="LoginTestcase3InvalidEmailOnly" time="4.251"/>
  <testcase classname="com.TutorialsNinja.qa.Testcases.RegisterTestcases" name="registerTestcase1" time="4.772"/>
  <testcase classname="com.TutorialsNinja.qa.Testcases.RegisterTestcases" name="registerTestcase2" time="4.698"/>
  <testcase classname="com.TutorialsNinja.qa.Testcases.SearchTestcases" name="searchWithValidProduct" time="3.702"/>
  <testcase classname="com.TutorialsNinja.qa.Testcases.SearchTestcases" name="searchWithInvalidProduct" time="3.897"/>
</testsuite> <!-- Test -->
