<?xml version="1.0" encoding="UTF-8"?>
<testng-results ignored="0" total="9" passed="9" failed="0" skipped="0">
  <reporter-output>
  </reporter-output>
  <suite started-at="2023-05-06T13:23:40 EDT" name="TutorialsNinjaTestSuite" finished-at="2023-05-06T13:24:33 EDT" duration-ms="52182">
    <groups>
    </groups>
    <test started-at="2023-05-06T13:23:40 EDT" name="Test" finished-at="2023-05-06T13:24:33 EDT" duration-ms="52182">
      <class name="com.TutorialsNinja.qa.Testcases.LoginTest1">
        <test-method signature="LoginTestcase1Valid(java.lang.String,java.lang.String)[pri:1, instance:com.TutorialsNinja.qa.Testcases.LoginTest1@5ffead27]" started-at="2023-05-06T13:23:41 EDT" name="LoginTestcase1Valid" data-provider="validCredentials" finished-at="2023-05-06T13:23:48 EDT" duration-ms="6735" status="PASS">
          <params>
            <param index="0">
              <value>
                <![CDATA[amotoori3@gmail.com]]>
              </value>
            </param>
            <param index="1">
              <value>
                <![CDATA[12345]]>
              </value>
            </param>
          </params>
          <reporter-output>
          </reporter-output>
        </test-method> <!-- LoginTestcase1Valid -->
        <test-method is-config="true" signature="tearDown()[pri:0, instance:com.TutorialsNinja.qa.Testcases.LoginTest1@5ffead27]" started-at="2023-05-06T13:23:48 EDT" name="tearDown" finished-at="2023-05-06T13:23:48 EDT" duration-ms="410" status="PASS">
          <reporter-output>
          </reporter-output>
        </test-method> <!-- tearDown -->
        <test-method signature="LoginTestcase1Valid(java.lang.String,java.lang.String)[pri:1, instance:com.TutorialsNinja.qa.Testcases.LoginTest1@5ffead27]" started-at="2023-05-06T13:23:48 EDT" name="LoginTestcase1Valid" data-provider="validCredentials" finished-at="2023-05-06T13:23:54 EDT" duration-ms="5284" status="PASS">
          <params>
            <param index="0">
              <value>
                <![CDATA[amotoori3@gmail.com]]>
              </value>
            </param>
            <param index="1">
              <value>
                <![CDATA[12345]]>
              </value>
            </param>
          </params>
          <reporter-output>
          </reporter-output>
        </test-method> <!-- LoginTestcase1Valid -->
        <test-method is-config="true" signature="tearDown()[pri:0, instance:com.TutorialsNinja.qa.Testcases.LoginTest1@5ffead27]" started-at="2023-05-06T13:23:54 EDT" name="tearDown" finished-at="2023-05-06T13:23:54 EDT" duration-ms="319" status="PASS">
          <reporter-output>
          </reporter-output>
        </test-method> <!-- tearDown -->
        <test-method signature="LoginTestcase1Valid(java.lang.String,java.lang.String)[pri:1, instance:com.TutorialsNinja.qa.Testcases.LoginTest1@5ffead27]" started-at="2023-05-06T13:23:54 EDT" name="LoginTestcase1Valid" data-provider="validCredentials" finished-at="2023-05-06T13:23:59 EDT" duration-ms="5288" status="PASS">
          <params>
            <param index="0">
              <value>
                <![CDATA[amotoori3@gmail.com]]>
              </value>
            </param>
            <param index="1">
              <value>
                <![CDATA[12345]]>
              </value>
            </param>
          </params>
          <reporter-output>
          </reporter-output>
        </test-method> <!-- LoginTestcase1Valid -->
        <test-method is-config="true" signature="tearDown()[pri:0, instance:com.TutorialsNinja.qa.Testcases.LoginTest1@5ffead27]" started-at="2023-05-06T13:23:59 EDT" name="tearDown" finished-at="2023-05-06T13:24:00 EDT" duration-ms="349" status="PASS">
          <reporter-output>
          </reporter-output>
        </test-method> <!-- tearDown -->
        <test-method signature="LoginTestcase2Invalid()[pri:2, instance:com.TutorialsNinja.qa.Testcases.LoginTest1@5ffead27]" started-at="2023-05-06T13:24:00 EDT" name="LoginTestcase2Invalid" finished-at="2023-05-06T13:24:05 EDT" duration-ms="5136" status="PASS">
          <reporter-output>
          </reporter-output>
        </test-method> <!-- LoginTestcase2Invalid -->
        <test-method is-config="true" signature="tearDown()[pri:0, instance:com.TutorialsNinja.qa.Testcases.LoginTest1@5ffead27]" started-at="2023-05-06T13:24:05 EDT" name="tearDown" finished-at="2023-05-06T13:24:05 EDT" duration-ms="332" status="PASS">
          <reporter-output>
          </reporter-output>
        </test-method> <!-- tearDown -->
        <test-method signature="LoginTestcase3InvalidEmailOnly()[pri:3, instance:com.TutorialsNinja.qa.Testcases.LoginTest1@5ffead27]" started-at="2023-05-06T13:24:05 EDT" name="LoginTestcase3InvalidEmailOnly" finished-at="2023-05-06T13:24:10 EDT" duration-ms="5161" status="PASS">
          <reporter-output>
          </reporter-output>
        </test-method> <!-- LoginTestcase3InvalidEmailOnly -->
        <test-method is-config="true" signature="tearDown()[pri:0, instance:com.TutorialsNinja.qa.Testcases.LoginTest1@5ffead27]" started-at="2023-05-06T13:24:10 EDT" name="tearDown" finished-at="2023-05-06T13:24:11 EDT" duration-ms="364" status="PASS">
          <reporter-output>
          </reporter-output>
        </test-method> <!-- tearDown -->
      </class> <!-- com.TutorialsNinja.qa.Testcases.LoginTest1 -->
      <class name="com.TutorialsNinja.qa.Testcases.RegisterTestcases">
        <test-method signature="registerTestcase1()[pri:1, instance:com.TutorialsNinja.qa.Testcases.RegisterTestcases@36902638]" started-at="2023-05-06T13:24:11 EDT" name="registerTestcase1" finished-at="2023-05-06T13:24:16 EDT" duration-ms="5673" status="PASS">
          <reporter-output>
          </reporter-output>
        </test-method> <!-- registerTestcase1 -->
        <test-method is-config="true" signature="tearDown()[pri:0, instance:com.TutorialsNinja.qa.Testcases.RegisterTestcases@36902638]" started-at="2023-05-06T13:24:16 EDT" name="tearDown" finished-at="2023-05-06T13:24:17 EDT" duration-ms="324" status="PASS">
          <reporter-output>
          </reporter-output>
        </test-method> <!-- tearDown -->
        <test-method signature="registerTestcase2()[pri:2, instance:com.TutorialsNinja.qa.Testcases.RegisterTestcases@36902638]" started-at="2023-05-06T13:24:17 EDT" name="registerTestcase2" finished-at="2023-05-06T13:24:23 EDT" duration-ms="5833" status="PASS">
          <reporter-output>
          </reporter-output>
        </test-method> <!-- registerTestcase2 -->
        <test-method is-config="true" signature="tearDown()[pri:0, instance:com.TutorialsNinja.qa.Testcases.RegisterTestcases@36902638]" started-at="2023-05-06T13:24:23 EDT" name="tearDown" finished-at="2023-05-06T13:24:23 EDT" duration-ms="269" status="PASS">
          <reporter-output>
          </reporter-output>
        </test-method> <!-- tearDown -->
      </class> <!-- com.TutorialsNinja.qa.Testcases.RegisterTestcases -->
      <class name="com.TutorialsNinja.qa.Testcases.SearchTestcases">
        <test-method signature="searchWithValidProduct()[pri:1, instance:com.TutorialsNinja.qa.Testcases.SearchTestcases@223d2c72]" started-at="2023-05-06T13:24:23 EDT" name="searchWithValidProduct" finished-at="2023-05-06T13:24:28 EDT" duration-ms="4963" status="PASS">
          <reporter-output>
          </reporter-output>
        </test-method> <!-- searchWithValidProduct -->
        <test-method is-config="true" signature="tearDown()[pri:0, instance:com.TutorialsNinja.qa.Testcases.SearchTestcases@223d2c72]" started-at="2023-05-06T13:24:28 EDT" name="tearDown" finished-at="2023-05-06T13:24:28 EDT" duration-ms="270" status="PASS">
          <reporter-output>
          </reporter-output>
        </test-method> <!-- tearDown -->
        <test-method signature="searchWithInvalidProduct()[pri:2, instance:com.TutorialsNinja.qa.Testcases.SearchTestcases@223d2c72]" started-at="2023-05-06T13:24:28 EDT" name="searchWithInvalidProduct" finished-at="2023-05-06T13:24:32 EDT" duration-ms="4240" status="PASS">
          <reporter-output>
          </reporter-output>
        </test-method> <!-- searchWithInvalidProduct -->
        <test-method is-config="true" signature="tearDown()[pri:0, instance:com.TutorialsNinja.qa.Testcases.SearchTestcases@223d2c72]" started-at="2023-05-06T13:24:32 EDT" name="tearDown" finished-at="2023-05-06T13:24:33 EDT" duration-ms="243" status="PASS">
          <reporter-output>
          </reporter-output>
        </test-method> <!-- tearDown -->
      </class> <!-- com.TutorialsNinja.qa.Testcases.SearchTestcases -->
    </test> <!-- Test -->
  </suite> <!-- TutorialsNinjaTestSuite -->
</testng-results>
